INFO [2022-08-19 10:08:45] [[1]]
INFO [2022-08-19 10:08:45] list(B.1.1.529 = B.1.1.529_TOP50$JS, BA.1 = BA.1_TOP50$JS, BA.2 = BA.2_TOP50$JS, 
INFO [2022-08-19 10:08:45]     BA.4 = BA.4_TOP50$JS, BA.5 = BA.5_TOP50$JS)
INFO [2022-08-19 10:08:45] 
INFO [2022-08-19 10:08:45] $filename
INFO [2022-08-19 10:08:45] NULL
INFO [2022-08-19 10:08:45] 
INFO [2022-08-19 10:08:45] $main
INFO [2022-08-19 10:08:45] [1] " "
INFO [2022-08-19 10:08:45] 
INFO [2022-08-19 10:08:45] $main.cex
INFO [2022-08-19 10:08:45] [1] 1
INFO [2022-08-19 10:08:45] 
INFO [2022-08-19 10:08:45] $fill
INFO [2022-08-19 10:08:45] c("navy", "orange", "yellow", "coral", "grey")
INFO [2022-08-19 10:08:45] 
INFO [2022-08-19 10:08:45] [[1]]
INFO [2022-08-19 10:08:45] list(Omicron = Omicron_TOP50$JS, Beta = Beta_TOP50$JS, Alpha = Alpha_TOP50$JS, 
INFO [2022-08-19 10:08:45]     Gamma = Gamma_TOP50$JS, Delta = Delta_TOP50$JS)
INFO [2022-08-19 10:08:45] 
INFO [2022-08-19 10:08:45] $filename
INFO [2022-08-19 10:08:45] NULL
INFO [2022-08-19 10:08:45] 
INFO [2022-08-19 10:08:45] $main
INFO [2022-08-19 10:08:45] [1] " "
INFO [2022-08-19 10:08:45] 
INFO [2022-08-19 10:08:45] $main.cex
INFO [2022-08-19 10:08:45] [1] 1
INFO [2022-08-19 10:08:45] 
INFO [2022-08-19 10:08:45] $fill
INFO [2022-08-19 10:08:45] c("navy", "orange", "yellow", "coral", "grey")
INFO [2022-08-19 10:08:45] 
